# JRE version: OpenJDK Runtime Environment Temurin-17.0.8.1+1 (17.0.8.1+1) (build 17.0.8.1+1)
# Java VM: OpenJDK 64-Bit Server VM Temurin-17.0.8.1+1 (17.0.8.1+1, mixed mode, sharing, tiered, compressed oops, compressed class ptrs, g1 gc, windows-amd64)
GC Precious Log:
 CPUs: 4 total, 4 available
 Memory: 8083M
 Large Page Support: Disabled
 NUMA Support: Disabled
 Compressed Oops: Enabled (32-bit)
 Heap Region Size: 1M
 Heap Min Capacity: 8M
 Heap Initial Capacity: 128M
 Heap Max Capacity: 2022M
 Pre-touch: Disabled
 Parallel Workers: 4
 Concurrent Workers: 1
 Concurrent Refinement Workers: 4
 Periodic GC: Disabled
Heap:
 garbage-first heap   total 92160K, used 65012K [0x0000000081a00000, 0x0000000100000000)
  region size 1024K, 45 young (46080K), 5 survivors (5120K)
 Metaspace       used 65292K, committed 65792K, reserved 1114112K
  class space    used 9044K, committed 9280K, reserved 1048576K
GC Heap History (20 events):
Event: 5.767 GC heap before
{Heap before GC invocations=5 (full 0):
 garbage-first heap   total 51200K, used 37378K [0x0000000081a00000, 0x0000000100000000)
  region size 1024K, 30 young (30720K), 7 survivors (7168K)
 Metaspace       used 24774K, committed 25088K, reserved 1114112K
  class space    used 3214K, committed 3328K, reserved 1048576K
}
Event: 5.790 GC heap after
{Heap after GC invocations=6 (full 0):
 garbage-first heap   total 51200K, used 15544K [0x0000000081a00000, 0x0000000100000000)
  region size 1024K, 2 young (2048K), 2 survivors (2048K)
 Metaspace       used 24774K, committed 25088K, reserved 1114112K
  class space    used 3214K, committed 3328K, reserved 1048576K
}
Event: 5.835 GC heap before
{Heap before GC invocations=6 (full 0):
 garbage-first heap   total 51200K, used 16568K [0x0000000081a00000, 0x0000000100000000)
  region size 1024K, 3 young (3072K), 2 survivors (2048K)
 Metaspace       used 24995K, committed 25408K, reserved 1114112K
  class space    used 3245K, committed 3456K, reserved 1048576K
}
Event: 5.844 GC heap after
{Heap after GC invocations=7 (full 0):
 garbage-first heap   total 51200K, used 15850K [0x0000000081a00000, 0x0000000100000000)
  region size 1024K, 1 young (1024K), 1 survivors (1024K)
 Metaspace       used 24995K, committed 25408K, reserved 1114112K
  class space    used 3245K, committed 3456K, reserved 1048576K
}
Event: 6.786 GC heap before
{Heap before GC invocations=7 (full 0):
 garbage-first heap   total 51200K, used 35306K [0x0000000081a00000, 0x0000000100000000)
  region size 1024K, 20 young (20480K), 1 survivors (1024K)
 Metaspace       used 28987K, committed 29312K, reserved 1114112K
  class space    used 3796K, committed 3968K, reserved 1048576K
}
Event: 6.797 GC heap after
{Heap after GC invocations=8 (full 0):
 garbage-first heap   total 51200K, used 17346K [0x0000000081a00000, 0x0000000100000000)
  region size 1024K, 2 young (2048K), 2 survivors (2048K)
 Metaspace       used 28987K, committed 29312K, reserved 1114112K
  class space    used 3796K, committed 3968K, reserved 1048576K
}
Event: 7.622 GC heap before
{Heap before GC invocations=8 (full 0):
 garbage-first heap   total 51200K, used 36802K [0x0000000081a00000, 0x0000000100000000)
  region size 1024K, 21 young (21504K), 2 survivors (2048K)
 Metaspace       used 32745K, committed 33152K, reserved 1114112K
  class space    used 4236K, committed 4416K, reserved 1048576K
}
Event: 7.629 GC heap after
{Heap after GC invocations=9 (full 0):
 garbage-first heap   total 51200K, used 18630K [0x0000000081a00000, 0x0000000100000000)
  region size 1024K, 2 young (2048K), 2 survivors (2048K)
 Metaspace       used 32745K, committed 33152K, reserved 1114112K
  class space    used 4236K, committed 4416K, reserved 1048576K
}
Event: 8.068 GC heap before
{Heap before GC invocations=9 (full 0):
 garbage-first heap   total 51200K, used 28870K [0x0000000081a00000, 0x0000000100000000)
  region size 1024K, 13 young (13312K), 2 survivors (2048K)
 Metaspace       used 35700K, committed 36096K, reserved 1114112K
  class space    used 4583K, committed 4800K, reserved 1048576K
}
Event: 8.072 GC heap after
{Heap after GC invocations=10 (full 0):
 garbage-first heap   total 51200K, used 19520K [0x0000000081a00000, 0x0000000100000000)
  region size 1024K, 3 young (3072K), 3 survivors (3072K)
 Metaspace       used 35700K, committed 36096K, reserved 1114112K
  class space    used 4583K, committed 4800K, reserved 1048576K
}
Event: 9.109 GC heap before
{Heap before GC invocations=11 (full 0):
 garbage-first heap   total 51200K, used 35904K [0x0000000081a00000, 0x0000000100000000)
  region size 1024K, 19 young (19456K), 3 survivors (3072K)
 Metaspace       used 39558K, committed 40000K, reserved 1114112K
  class space    used 5145K, committed 5376K, reserved 1048576K
}
Event: 9.115 GC heap after
{Heap after GC invocations=12 (full 0):
 garbage-first heap   total 51200K, used 20252K [0x0000000081a00000, 0x0000000100000000)
  region size 1024K, 2 young (2048K), 2 survivors (2048K)
 Metaspace       used 39558K, committed 40000K, reserved 1114112K
  class space    used 5145K, committed 5376K, reserved 1048576K
}
Event: 9.163 GC heap before
{Heap before GC invocations=12 (full 0):
 garbage-first heap   total 51200K, used 21276K [0x0000000081a00000, 0x0000000100000000)
  region size 1024K, 3 young (3072K), 2 survivors (2048K)
 Metaspace       used 39770K, committed 40192K, reserved 1114112K
  class space    used 5192K, committed 5376K, reserved 1048576K
}
Event: 9.169 GC heap after
{Heap after GC invocations=13 (full 0):
 garbage-first heap   total 51200K, used 20171K [0x0000000081a00000, 0x0000000100000000)
  region size 1024K, 1 young (1024K), 1 survivors (1024K)
 Metaspace       used 39770K, committed 40192K, reserved 1114112K
  class space    used 5192K, committed 5376K, reserved 1048576K
}
Event: 9.822 GC heap before
{Heap before GC invocations=13 (full 0):
 garbage-first heap   total 51200K, used 35531K [0x0000000081a00000, 0x0000000100000000)
  region size 1024K, 17 young (17408K), 1 survivors (1024K)
 Metaspace       used 43543K, committed 44032K, reserved 1114112K
  class space    used 5795K, committed 6016K, reserved 1048576K
}
Event: 9.841 GC heap after
{Heap after GC invocations=14 (full 0):
 garbage-first heap   total 93184K, used 20827K [0x0000000081a00000, 0x0000000100000000)
  region size 1024K, 1 young (1024K), 1 survivors (1024K)
 Metaspace       used 43543K, committed 44032K, reserved 1114112K
  class space    used 5795K, committed 6016K, reserved 1048576K
}
Event: 12.054 GC heap before
{Heap before GC invocations=14 (full 0):
 garbage-first heap   total 93184K, used 63835K [0x0000000081a00000, 0x0000000100000000)
  region size 1024K, 43 young (44032K), 1 survivors (1024K)
 Metaspace       used 54620K, committed 55104K, reserved 1114112K
  class space    used 7502K, committed 7744K, reserved 1048576K
}
Event: 12.059 GC heap after
{Heap after GC invocations=15 (full 0):
 garbage-first heap   total 93184K, used 22334K [0x0000000081a00000, 0x0000000100000000)
  region size 1024K, 3 young (3072K), 3 survivors (3072K)
 Metaspace       used 54620K, committed 55104K, reserved 1114112K
  class space    used 7502K, committed 7744K, reserved 1048576K
}
Event: 13.785 GC heap before
{Heap before GC invocations=15 (full 0):
 garbage-first heap   total 93184K, used 60222K [0x0000000081a00000, 0x0000000100000000)
  region size 1024K, 41 young (41984K), 3 survivors (3072K)
 Metaspace       used 60140K, committed 60608K, reserved 1114112K
  class space    used 8265K, committed 8512K, reserved 1048576K
}
Event: 13.796 GC heap after
{Heap after GC invocations=16 (full 0):
 garbage-first heap   total 93184K, used 25076K [0x0000000081a00000, 0x0000000100000000)
  region size 1024K, 5 young (5120K), 5 survivors (5120K)
 Metaspace       used 60140K, committed 60608K, reserved 1114112K
  class space    used 8265K, committed 8512K, reserved 1048576K
}

